  main.cpp
C:\home\dev\GuiMaker\main.cpp(77,7): warning C4244:  '=': conversion from 'int' to 'float', possible loss of data
C:\home\dev\GuiMaker\main.cpp(78,7): warning C4244:  '=': conversion from 'int' to 'float', possible loss of data
C:\home\dev\GuiMaker\main.cpp(287,39): warning C4244:  '=': conversion from 'float' to 'int', possible loss of data
C:\home\dev\GuiMaker\main.cpp(288,39): warning C4244:  '=': conversion from 'float' to 'int', possible loss of data
C:\home\dev\GuiMaker\main.cpp(289,32): warning C4244:  '=': conversion from 'float' to 'int', possible loss of data
C:\home\dev\GuiMaker\main.cpp(290,32): warning C4244:  '=': conversion from 'float' to 'int', possible loss of data
C:\home\dev\GuiMaker\main.cpp(315,1): warning C4305:  'argument': truncation from 'double' to 'float'
C:\home\dev\GuiMaker\main.cpp(465,1): warning C4305:  '=': truncation from 'double' to 'float'
C:\home\dev\GuiMaker\main.cpp(474,29): warning C4244:  '=': conversion from 'int' to 'float', possible loss of data
C:\home\dev\GuiMaker\main.cpp(475,29): warning C4244:  '=': conversion from 'int' to 'float', possible loss of data
C:\home\dev\GuiMaker\main.cpp(494,34): warning C4244:  '=': conversion from 'int' to 'float', possible loss of data
C:\home\dev\GuiMaker\main.cpp(495,34): warning C4244:  '=': conversion from 'int' to 'float', possible loss of data
C:\home\dev\GuiMaker\main.cpp(496,50): warning C4244:  '=': conversion from 'float' to 'int', possible loss of data
C:\home\dev\GuiMaker\main.cpp(497,50): warning C4244:  '=': conversion from 'float' to 'int', possible loss of data
C:\home\dev\GuiMaker\main.cpp(508,34): warning C4244:  '=': conversion from 'int' to 'float', possible loss of data
C:\home\dev\GuiMaker\main.cpp(509,34): warning C4244:  '=': conversion from 'int' to 'float', possible loss of data
C:\home\dev\GuiMaker\main.cpp(510,50): warning C4244:  '=': conversion from 'float' to 'int', possible loss of data
C:\home\dev\GuiMaker\main.cpp(511,50): warning C4244:  '=': conversion from 'float' to 'int', possible loss of data
C:\home\dev\GuiMaker\main.cpp(520,1): warning C4244:  '+=': conversion from 'double' to 'float', possible loss of data
C:\home\dev\GuiMaker\main.cpp(521,1): warning C4244:  '+=': conversion from 'double' to 'float', possible loss of data
C:\home\dev\GuiMaker\main.cpp(524,68): warning C4244:  '=': conversion from 'float' to 'int', possible loss of data
C:\home\dev\GuiMaker\main.cpp(525,68): warning C4244:  '=': conversion from 'float' to 'int', possible loss of data
C:\home\dev\GuiMaker\main.cpp(531,69): warning C4244:  '=': conversion from 'float' to 'int', possible loss of data
C:\home\dev\GuiMaker\main.cpp(532,69): warning C4244:  '=': conversion from 'float' to 'int', possible loss of data
C:\home\dev\GuiMaker\main.cpp(545,49): warning C4244:  '=': conversion from 'float' to 'int', possible loss of data
C:\home\dev\GuiMaker\main.cpp(546,49): warning C4244:  '=': conversion from 'float' to 'int', possible loss of data
C:\home\dev\GuiMaker\main.cpp(560,48): warning C4244:  '=': conversion from 'float' to 'int', possible loss of data
C:\home\dev\GuiMaker\main.cpp(561,48): warning C4244:  '=': conversion from 'float' to 'int', possible loss of data
C:\home\dev\GuiMaker\main.cpp(596,34): warning C4244:  '=': conversion from 'float' to 'int', possible loss of data
C:\home\dev\GuiMaker\main.cpp(597,34): warning C4244:  '=': conversion from 'float' to 'int', possible loss of data
C:\home\dev\GuiMaker\main.cpp(730,22): warning C4018:  '<': signed/unsigned mismatch
C:\home\dev\GuiMaker\main.cpp(756,22): warning C4244:  'argument': conversion from 'time_t' to 'unsigned int', possible loss of data
C:\home\dev\GuiMaker\main.cpp(800,33): warning C4244:  '=': conversion from 'float' to 'int', possible loss of data
C:\home\dev\GuiMaker\main.cpp(801,33): warning C4244:  '=': conversion from 'float' to 'int', possible loss of data
  GuiMaker.vcxproj -> C:\home\dev\GuiMaker\bin\Debug_x86\GuiMaker.exe
